<?xml version="1.0" encoding="UTF-8"?>
<testng-results ignored="0" total="1" passed="1" failed="0" skipped="0">
  <reporter-output>
  </reporter-output>
  <suite started-at="2024-10-18T08:09:58 IST" name="Default suite" finished-at="2024-10-18T08:10:02 IST" duration-ms="3499">
    <groups>
    </groups>
    <test started-at="2024-10-18T08:09:58 IST" name="Default test" finished-at="2024-10-18T08:10:02 IST" duration-ms="3499">
      <class name="testng.Screensh">
        <test-method signature="test()[pri:0, instance:testng.Screensh@18078bef]" started-at="2024-10-18T08:09:58 IST" name="test" finished-at="2024-10-18T08:10:02 IST" duration-ms="3467" status="PASS">
          <reporter-output>
          </reporter-output>
        </test-method> <!-- test -->
      </class> <!-- testng.Screensh -->
    </test> <!-- Default test -->
  </suite> <!-- Default suite -->
</testng-results>
